07/30/2024 20:10:44 - INFO - root -   Loading model:
BertClassifier()
07/30/2024 20:10:44 - INFO - bert_sklearn.model.pytorch_pretrained.file_utils -   https://s3.amazonaws.com/models.huggingface.co/bert/bert-base-uncased-vocab.txt not found in cache, downloading to /tmp/tmp2abbl0zu
07/30/2024 20:10:49 - INFO - bert_sklearn.model.pytorch_pretrained.file_utils -   copying /tmp/tmp2abbl0zu to cache at /home/pedro/.cache/torch/pytorch_pretrained_bert/26bc1ad6c0ac742e9b52263248f6d0f00068293b33709fae12320c0e35ccfbbb.542ce4285a40d23a559526243235df47c5f75c197f04f37d1a0c124c32c9a084
07/30/2024 20:10:49 - INFO - bert_sklearn.model.pytorch_pretrained.file_utils -   creating metadata file for /home/pedro/.cache/torch/pytorch_pretrained_bert/26bc1ad6c0ac742e9b52263248f6d0f00068293b33709fae12320c0e35ccfbbb.542ce4285a40d23a559526243235df47c5f75c197f04f37d1a0c124c32c9a084
07/30/2024 20:10:49 - INFO - bert_sklearn.model.pytorch_pretrained.file_utils -   removing temp file /tmp/tmp2abbl0zu
07/30/2024 20:10:49 - INFO - bert_sklearn.model.pytorch_pretrained.tokenization -   loading vocabulary file https://s3.amazonaws.com/models.huggingface.co/bert/bert-base-uncased-vocab.txt from cache at /home/pedro/.cache/torch/pytorch_pretrained_bert/26bc1ad6c0ac742e9b52263248f6d0f00068293b33709fae12320c0e35ccfbbb.542ce4285a40d23a559526243235df47c5f75c197f04f37d1a0c124c32c9a084
07/30/2024 20:10:50 - INFO - bert_sklearn.model.pytorch_pretrained.file_utils -   https://s3.amazonaws.com/models.huggingface.co/bert/bert-base-uncased-pytorch_model.bin not found in cache, downloading to /tmp/tmps31u5blt
07/30/2024 20:11:51 - INFO - bert_sklearn.model.pytorch_pretrained.file_utils -   copying /tmp/tmps31u5blt to cache at /home/pedro/.cache/torch/pytorch_pretrained_bert/distributed_-1/aa1ef1aede4482d0dbcd4d52baad8ae300e60902e88fcb0bebdec09afd232066.36ca03ab34a1a5d5fa7bc3d03d55c4fa650fed07220e2eeebc06ce58d0e9a157
07/30/2024 20:11:51 - INFO - bert_sklearn.model.pytorch_pretrained.file_utils -   creating metadata file for /home/pedro/.cache/torch/pytorch_pretrained_bert/distributed_-1/aa1ef1aede4482d0dbcd4d52baad8ae300e60902e88fcb0bebdec09afd232066.36ca03ab34a1a5d5fa7bc3d03d55c4fa650fed07220e2eeebc06ce58d0e9a157
07/30/2024 20:11:51 - INFO - bert_sklearn.model.pytorch_pretrained.file_utils -   removing temp file /tmp/tmps31u5blt
07/30/2024 20:11:51 - INFO - bert_sklearn.model.pytorch_pretrained.file_utils -   https://s3.amazonaws.com/models.huggingface.co/bert/bert-base-uncased-config.json not found in cache, downloading to /tmp/tmph7bln41x
07/30/2024 20:11:52 - INFO - bert_sklearn.model.pytorch_pretrained.file_utils -   copying /tmp/tmph7bln41x to cache at /home/pedro/.cache/torch/pytorch_pretrained_bert/distributed_-1/4dad0251492946e18ac39290fcfe91b89d370fee250efe9521476438fe8ca185.7156163d5fdc189c3016baca0775ffce230789d7fa2a42ef516483e4ca884517
07/30/2024 20:11:52 - INFO - bert_sklearn.model.pytorch_pretrained.file_utils -   creating metadata file for /home/pedro/.cache/torch/pytorch_pretrained_bert/distributed_-1/4dad0251492946e18ac39290fcfe91b89d370fee250efe9521476438fe8ca185.7156163d5fdc189c3016baca0775ffce230789d7fa2a42ef516483e4ca884517
07/30/2024 20:11:52 - INFO - bert_sklearn.model.pytorch_pretrained.file_utils -   removing temp file /tmp/tmph7bln41x
07/30/2024 20:11:52 - INFO - bert_sklearn.model.pytorch_pretrained.modeling -   loading weights file https://s3.amazonaws.com/models.huggingface.co/bert/bert-base-uncased-pytorch_model.bin from cache at /home/pedro/.cache/torch/pytorch_pretrained_bert/distributed_-1/aa1ef1aede4482d0dbcd4d52baad8ae300e60902e88fcb0bebdec09afd232066.36ca03ab34a1a5d5fa7bc3d03d55c4fa650fed07220e2eeebc06ce58d0e9a157
07/30/2024 20:11:52 - INFO - bert_sklearn.model.pytorch_pretrained.modeling -   loading configuration file https://s3.amazonaws.com/models.huggingface.co/bert/bert-base-uncased-config.json from cache at /home/pedro/.cache/torch/pytorch_pretrained_bert/distributed_-1/4dad0251492946e18ac39290fcfe91b89d370fee250efe9521476438fe8ca185.7156163d5fdc189c3016baca0775ffce230789d7fa2a42ef516483e4ca884517
07/30/2024 20:11:52 - INFO - bert_sklearn.model.pytorch_pretrained.modeling -   Model config {
  "architectures": [
    "BertForMaskedLM"
  ],
  "attention_probs_dropout_prob": 0.1,
  "hidden_act": "gelu",
  "hidden_dropout_prob": 0.1,
  "hidden_size": 768,
  "initializer_range": 0.02,
  "intermediate_size": 3072,
  "layer_norm_eps": 1e-12,
  "max_position_embeddings": 512,
  "model_type": "bert",
  "num_attention_heads": 12,
  "num_hidden_layers": 12,
  "pad_token_id": 0,
  "type_vocab_size": 2,
  "vocab_size": 30522
}

07/30/2024 20:11:54 - INFO - bert_sklearn.model.pytorch_pretrained.modeling -   Weights of BertPlusMLP not initialized from pretrained model: ['mlp.weight', 'mlp.bias']
07/30/2024 20:11:54 - INFO - bert_sklearn.model.pytorch_pretrained.modeling -   Weights from pretrained model not used in BertPlusMLP: ['cls.predictions.bias', 'cls.predictions.transform.dense.weight', 'cls.predictions.transform.dense.bias', 'cls.predictions.decoder.weight', 'cls.seq_relationship.weight', 'cls.seq_relationship.bias', 'cls.predictions.transform.LayerNorm.weight', 'cls.predictions.transform.LayerNorm.bias']
07/30/2024 20:11:54 - INFO - root -   train data size: 490, validation data size: 54
07/30/2024 20:11:55 - INFO - root -   Number of train optimization steps is : 48
07/30/2024 20:13:41 - INFO - root -   Loading model:
BertClassifier()
07/30/2024 20:13:42 - INFO - bert_sklearn.model.pytorch_pretrained.tokenization -   loading vocabulary file https://s3.amazonaws.com/models.huggingface.co/bert/bert-base-uncased-vocab.txt from cache at /home/pedro/.cache/torch/pytorch_pretrained_bert/26bc1ad6c0ac742e9b52263248f6d0f00068293b33709fae12320c0e35ccfbbb.542ce4285a40d23a559526243235df47c5f75c197f04f37d1a0c124c32c9a084
07/30/2024 20:13:44 - INFO - bert_sklearn.model.pytorch_pretrained.modeling -   loading weights file https://s3.amazonaws.com/models.huggingface.co/bert/bert-base-uncased-pytorch_model.bin from cache at /home/pedro/.cache/torch/pytorch_pretrained_bert/distributed_-1/aa1ef1aede4482d0dbcd4d52baad8ae300e60902e88fcb0bebdec09afd232066.36ca03ab34a1a5d5fa7bc3d03d55c4fa650fed07220e2eeebc06ce58d0e9a157
07/30/2024 20:13:44 - INFO - bert_sklearn.model.pytorch_pretrained.modeling -   loading configuration file https://s3.amazonaws.com/models.huggingface.co/bert/bert-base-uncased-config.json from cache at /home/pedro/.cache/torch/pytorch_pretrained_bert/distributed_-1/4dad0251492946e18ac39290fcfe91b89d370fee250efe9521476438fe8ca185.7156163d5fdc189c3016baca0775ffce230789d7fa2a42ef516483e4ca884517
07/30/2024 20:13:44 - INFO - bert_sklearn.model.pytorch_pretrained.modeling -   Model config {
  "architectures": [
    "BertForMaskedLM"
  ],
  "attention_probs_dropout_prob": 0.1,
  "hidden_act": "gelu",
  "hidden_dropout_prob": 0.1,
  "hidden_size": 768,
  "initializer_range": 0.02,
  "intermediate_size": 3072,
  "layer_norm_eps": 1e-12,
  "max_position_embeddings": 512,
  "model_type": "bert",
  "num_attention_heads": 12,
  "num_hidden_layers": 12,
  "pad_token_id": 0,
  "type_vocab_size": 2,
  "vocab_size": 30522
}

07/30/2024 20:13:47 - INFO - bert_sklearn.model.pytorch_pretrained.modeling -   Weights of BertPlusMLP not initialized from pretrained model: ['mlp.weight', 'mlp.bias']
07/30/2024 20:13:47 - INFO - bert_sklearn.model.pytorch_pretrained.modeling -   Weights from pretrained model not used in BertPlusMLP: ['cls.predictions.bias', 'cls.predictions.transform.dense.weight', 'cls.predictions.transform.dense.bias', 'cls.predictions.decoder.weight', 'cls.seq_relationship.weight', 'cls.seq_relationship.bias', 'cls.predictions.transform.LayerNorm.weight', 'cls.predictions.transform.LayerNorm.bias']
07/30/2024 20:13:47 - INFO - root -   train data size: 490, validation data size: 54
07/30/2024 20:13:48 - INFO - root -   Number of train optimization steps is : 48
